{"total": {"lines":{"total":675,"covered":415,"skipped":0,"pct":61.48},"statements":{"total":720,"covered":446,"skipped":0,"pct":61.94},"functions":{"total":213,"covered":119,"skipped":0,"pct":55.86},"branches":{"total":620,"covered":302,"skipped":0,"pct":48.7},"branchesTrue":{"total":0,"covered":0,"skipped":0,"pct":100}}
,"D:\\projects\\skybook\\frontend\\src\\api\\auth.ts": {"lines":{"total":24,"covered":8,"skipped":0,"pct":33.33},"functions":{"total":14,"covered":7,"skipped":0,"pct":50},"statements":{"total":25,"covered":9,"skipped":0,"pct":36},"branches":{"total":6,"covered":0,"skipped":0,"pct":0}}
,"D:\\projects\\skybook\\frontend\\src\\api\\bookings.ts": {"lines":{"total":12,"covered":2,"skipped":0,"pct":16.66},"functions":{"total":10,"covered":0,"skipped":0,"pct":0},"statements":{"total":12,"covered":2,"skipped":0,"pct":16.66},"branches":{"total":0,"covered":0,"skipped":0,"pct":100}}
,"D:\\projects\\skybook\\frontend\\src\\api\\client.ts": {"lines":{"total":44,"covered":34,"skipped":0,"pct":77.27},"functions":{"total":9,"covered":6,"skipped":0,"pct":66.66},"statements":{"total":44,"covered":34,"skipped":0,"pct":77.27},"branches":{"total":30,"covered":22,"skipped":0,"pct":73.33}}
,"D:\\projects\\skybook\\frontend\\src\\api\\flights.ts": {"lines":{"total":10,"covered":3,"skipped":0,"pct":30},"functions":{"total":4,"covered":0,"skipped":0,"pct":0},"statements":{"total":10,"covered":3,"skipped":0,"pct":30},"branches":{"total":0,"covered":0,"skipped":0,"pct":100}}
,"D:\\projects\\skybook\\frontend\\src\\api\\quotes.ts": {"lines":{"total":9,"covered":6,"skipped":0,"pct":66.66},"functions":{"total":2,"covered":0,"skipped":0,"pct":0},"statements":{"total":9,"covered":6,"skipped":0,"pct":66.66},"branches":{"total":0,"covered":0,"skipped":0,"pct":100}}
,"D:\\projects\\skybook\\frontend\\src\\api\\seats.ts": {"lines":{"total":18,"covered":10,"skipped":0,"pct":55.55},"functions":{"total":9,"covered":3,"skipped":0,"pct":33.33},"statements":{"total":18,"covered":10,"skipped":0,"pct":55.55},"branches":{"total":2,"covered":2,"skipped":0,"pct":100}}
,"D:\\projects\\skybook\\frontend\\src\\components\\Alert.tsx": {"lines":{"total":6,"covered":4,"skipped":0,"pct":66.66},"functions":{"total":2,"covered":1,"skipped":0,"pct":50},"statements":{"total":6,"covered":4,"skipped":0,"pct":66.66},"branches":{"total":5,"covered":1,"skipped":0,"pct":20}}
,"D:\\projects\\skybook\\frontend\\src\\components\\Button.tsx": {"lines":{"total":3,"covered":3,"skipped":0,"pct":100},"functions":{"total":1,"covered":1,"skipped":0,"pct":100},"statements":{"total":3,"covered":3,"skipped":0,"pct":100},"branches":{"total":12,"covered":10,"skipped":0,"pct":83.33}}
,"D:\\projects\\skybook\\frontend\\src\\components\\Field.tsx": {"lines":{"total":7,"covered":6,"skipped":0,"pct":85.71},"functions":{"total":3,"covered":1,"skipped":0,"pct":33.33},"statements":{"total":8,"covered":6,"skipped":0,"pct":75},"branches":{"total":31,"covered":23,"skipped":0,"pct":74.19}}
,"D:\\projects\\skybook\\frontend\\src\\features\\auth\\AuthLayout.tsx": {"lines":{"total":1,"covered":1,"skipped":0,"pct":100},"functions":{"total":1,"covered":1,"skipped":0,"pct":100},"statements":{"total":1,"covered":1,"skipped":0,"pct":100},"branches":{"total":0,"covered":0,"skipped":0,"pct":100}}
,"D:\\projects\\skybook\\frontend\\src\\features\\auth\\RegisterPage.tsx": {"lines":{"total":27,"covered":12,"skipped":0,"pct":44.44},"functions":{"total":6,"covered":2,"skipped":0,"pct":33.33},"statements":{"total":27,"covered":12,"skipped":0,"pct":44.44},"branches":{"total":16,"covered":6,"skipped":0,"pct":37.5}}
,"D:\\projects\\skybook\\frontend\\src\\features\\auth\\SignInForm.tsx": {"lines":{"total":17,"covered":6,"skipped":0,"pct":35.29},"functions":{"total":5,"covered":1,"skipped":0,"pct":20},"statements":{"total":17,"covered":6,"skipped":0,"pct":35.29},"branches":{"total":4,"covered":1,"skipped":0,"pct":25}}
,"D:\\projects\\skybook\\frontend\\src\\features\\auth\\SignInPage.tsx": {"lines":{"total":8,"covered":2,"skipped":0,"pct":25},"functions":{"total":2,"covered":1,"skipped":0,"pct":50},"statements":{"total":8,"covered":2,"skipped":0,"pct":25},"branches":{"total":6,"covered":0,"skipped":0,"pct":0}}
,"D:\\projects\\skybook\\frontend\\src\\features\\bookings\\MyBookingsPage.tsx": {"lines":{"total":51,"covered":15,"skipped":0,"pct":29.41},"functions":{"total":28,"covered":6,"skipped":0,"pct":21.42},"statements":{"total":61,"covered":18,"skipped":0,"pct":29.5},"branches":{"total":71,"covered":21,"skipped":0,"pct":29.57}}
,"D:\\projects\\skybook\\frontend\\src\\features\\bookings\\StatusBadge.tsx": {"lines":{"total":2,"covered":1,"skipped":0,"pct":50},"functions":{"total":1,"covered":0,"skipped":0,"pct":0},"statements":{"total":2,"covered":1,"skipped":0,"pct":50},"branches":{"total":1,"covered":0,"skipped":0,"pct":0}}
,"D:\\projects\\skybook\\frontend\\src\\features\\bookings\\printable.ts": {"lines":{"total":132,"covered":105,"skipped":0,"pct":79.54},"functions":{"total":47,"covered":42,"skipped":0,"pct":89.36},"statements":{"total":154,"covered":126,"skipped":0,"pct":81.81},"branches":{"total":206,"covered":87,"skipped":0,"pct":42.23}}
,"D:\\projects\\skybook\\frontend\\src\\features\\search\\FareTable.tsx": {"lines":{"total":21,"covered":19,"skipped":0,"pct":90.47},"functions":{"total":9,"covered":8,"skipped":0,"pct":88.88},"statements":{"total":22,"covered":20,"skipped":0,"pct":90.9},"branches":{"total":18,"covered":15,"skipped":0,"pct":83.33}}
,"D:\\projects\\skybook\\frontend\\src\\features\\seats\\SeatMap.tsx": {"lines":{"total":25,"covered":24,"skipped":0,"pct":96},"functions":{"total":13,"covered":12,"skipped":0,"pct":92.3},"statements":{"total":28,"covered":27,"skipped":0,"pct":96.42},"branches":{"total":58,"covered":43,"skipped":0,"pct":74.13}}
,"D:\\projects\\skybook\\frontend\\src\\lib\\config.ts": {"lines":{"total":3,"covered":3,"skipped":0,"pct":100},"functions":{"total":0,"covered":0,"skipped":0,"pct":100},"statements":{"total":3,"covered":3,"skipped":0,"pct":100},"branches":{"total":2,"covered":2,"skipped":0,"pct":100}}
,"D:\\projects\\skybook\\frontend\\src\\lib\\errors.ts": {"lines":{"total":50,"covered":13,"skipped":0,"pct":26},"functions":{"total":6,"covered":2,"skipped":0,"pct":33.33},"statements":{"total":50,"covered":13,"skipped":0,"pct":26},"branches":{"total":52,"covered":9,"skipped":0,"pct":17.3}}
,"D:\\projects\\skybook\\frontend\\src\\lib\\format.ts": {"lines":{"total":63,"covered":42,"skipped":0,"pct":66.66},"functions":{"total":13,"covered":9,"skipped":0,"pct":69.23},"statements":{"total":63,"covered":42,"skipped":0,"pct":66.66},"branches":{"total":43,"covered":28,"skipped":0,"pct":65.11}}
,"D:\\projects\\skybook\\frontend\\src\\lib\\i18n.ts": {"lines":{"total":41,"covered":23,"skipped":0,"pct":56.09},"functions":{"total":11,"covered":1,"skipped":0,"pct":9.09},"statements":{"total":44,"covered":23,"skipped":0,"pct":52.27},"branches":{"total":13,"covered":2,"skipped":0,"pct":15.38}}
,"D:\\projects\\skybook\\frontend\\src\\lib\\qr.ts": {"lines":{"total":21,"covered":0,"skipped":0,"pct":0},"functions":{"total":1,"covered":0,"skipped":0,"pct":0},"statements":{"total":23,"covered":0,"skipped":0,"pct":0},"branches":{"total":9,"covered":0,"skipped":0,"pct":0}}
,"D:\\projects\\skybook\\frontend\\src\\lib\\session.ts": {"lines":{"total":16,"covered":16,"skipped":0,"pct":100},"functions":{"total":8,"covered":8,"skipped":0,"pct":100},"statements":{"total":17,"covered":17,"skipped":0,"pct":100},"branches":{"total":0,"covered":0,"skipped":0,"pct":100}}
,"D:\\projects\\skybook\\frontend\\src\\lib\\usePolledResource.ts": {"lines":{"total":64,"covered":57,"skipped":0,"pct":89.06},"functions":{"total":8,"covered":7,"skipped":0,"pct":87.5},"statements":{"total":65,"covered":58,"skipped":0,"pct":89.23},"branches":{"total":35,"covered":30,"skipped":0,"pct":85.71}}
}
